[debug] [2025-01-24T17:08:13.268Z] ----------------------------------------------------------------------
[debug] [2025-01-24T17:08:13.269Z] Command:       /Users/mikadifo/.nvm/versions/node/v18.15.0/bin/node /Users/mikadifo/.nvm/versions/node/v18.15.0/bin/firebase init
[debug] [2025-01-24T17:08:13.269Z] CLI Version:   11.28.0
[debug] [2025-01-24T17:08:13.269Z] Platform:      darwin
[debug] [2025-01-24T17:08:13.269Z] Node Version:  v18.15.0
[debug] [2025-01-24T17:08:13.270Z] Time:          Fri Jan 24 2025 12:08:13 GMT-0500 (Ecuador Time)
[debug] [2025-01-24T17:08:13.270Z] ----------------------------------------------------------------------
[debug] 
[debug] [2025-01-24T17:08:13.272Z] > command requires scopes: ["email","openid","https://www.googleapis.com/auth/cloudplatformprojects.readonly","https://www.googleapis.com/auth/firebase","https://www.googleapis.com/auth/cloud-platform"]
[debug] [2025-01-24T17:08:13.273Z] > authorizing via signed-in user (mikadifopadillaheredia@gmail.com)
[info] 
     ######## #### ########  ######## ########     ###     ######  ########
     ##        ##  ##     ## ##       ##     ##  ##   ##  ##       ##
     ######    ##  ########  ######   ########  #########  ######  ######
     ##        ##  ##    ##  ##       ##     ## ##     ##       ## ##
     ##       #### ##     ## ######## ########  ##     ##  ######  ########

You're about to initialize a Firebase project in this directory:

  /Volumes/DEV/projects/ismaelsarmiento/src/app

Before we get started, keep in mind:

  * You are currently outside your home directory

[info] 
=== Project Setup
[info] 
[info] First, let's associate this project directory with a Firebase project.
[info] You can create multiple project aliases by running firebase use --add, 
[info] but for now we'll just set up a default project.
[info] 
[debug] [2025-01-24T17:08:23.056Z] > refreshing access token with scopes: []
[debug] [2025-01-24T17:08:23.058Z] >>> [apiv2][query] POST https://www.googleapis.com/oauth2/v3/token [none]
[debug] [2025-01-24T17:08:23.058Z] >>> [apiv2][body] POST https://www.googleapis.com/oauth2/v3/token [omitted]
[debug] [2025-01-24T17:08:23.422Z] <<< [apiv2][status] POST https://www.googleapis.com/oauth2/v3/token 400
[debug] [2025-01-24T17:08:23.422Z] <<< [apiv2][body] POST https://www.googleapis.com/oauth2/v3/token [omitted]
[debug] [2025-01-24T17:08:23.423Z] >>> [apiv2][query] GET https://firebase.googleapis.com/v1beta1/projects pageSize=100
[debug] [2025-01-24T17:08:23.817Z] <<< [apiv2][status] GET https://firebase.googleapis.com/v1beta1/projects 401
[debug] [2025-01-24T17:08:23.818Z] <<< [apiv2][body] GET https://firebase.googleapis.com/v1beta1/projects [omitted]
[debug] [2025-01-24T17:08:23.819Z] HTTP Error: 401, Request had invalid authentication credentials. Expected OAuth 2 access token, login cookie or other valid authentication credential. See https://developers.google.com/identity/sign-in/web/devconsole-project.
[debug] [2025-01-24T17:08:24.050Z] FirebaseError: HTTP Error: 401, Request had invalid authentication credentials. Expected OAuth 2 access token, login cookie or other valid authentication credential. See https://developers.google.com/identity/sign-in/web/devconsole-project.
    at responseToError (/Users/mikadifo/.nvm/versions/node/v18.15.0/lib/node_modules/firebase-tools/lib/responseToError.js:49:12)
    at RetryOperation._fn (/Users/mikadifo/.nvm/versions/node/v18.15.0/lib/node_modules/firebase-tools/lib/apiv2.js:288:77)
    at process.processTicksAndRejections (node:internal/process/task_queues:95:5)
[error] 
[error] Error: Failed to list Firebase projects. See firebase-debug.log for more info.
[debug] [2025-01-24T17:08:31.511Z] ----------------------------------------------------------------------
[debug] [2025-01-24T17:08:31.512Z] Command:       /Users/mikadifo/.nvm/versions/node/v18.15.0/bin/node /Users/mikadifo/.nvm/versions/node/v18.15.0/bin/firebase init
[debug] [2025-01-24T17:08:31.512Z] CLI Version:   11.28.0
[debug] [2025-01-24T17:08:31.512Z] Platform:      darwin
[debug] [2025-01-24T17:08:31.512Z] Node Version:  v18.15.0
[debug] [2025-01-24T17:08:31.513Z] Time:          Fri Jan 24 2025 12:08:31 GMT-0500 (Ecuador Time)
[debug] [2025-01-24T17:08:31.513Z] ----------------------------------------------------------------------
[debug] 
[debug] [2025-01-24T17:08:31.515Z] > command requires scopes: ["email","openid","https://www.googleapis.com/auth/cloudplatformprojects.readonly","https://www.googleapis.com/auth/firebase","https://www.googleapis.com/auth/cloud-platform"]
[debug] [2025-01-24T17:08:31.516Z] > authorizing via signed-in user (mikadifopadillaheredia@gmail.com)
[info] 
     ######## #### ########  ######## ########     ###     ######  ########
     ##        ##  ##     ## ##       ##     ##  ##   ##  ##       ##
     ######    ##  ########  ######   ########  #########  ######  ######
     ##        ##  ##    ##  ##       ##     ## ##     ##       ## ##
     ##       #### ##     ## ######## ########  ##     ##  ######  ########

You're about to initialize a Firebase project in this directory:

  /Volumes/DEV/projects/ismaelsarmiento/src/app

Before we get started, keep in mind:

  * You are currently outside your home directory

[info] 
=== Project Setup
[info] 
[info] First, let's associate this project directory with a Firebase project.
[info] You can create multiple project aliases by running firebase use --add, 
[info] but for now we'll just set up a default project.
[info] 
[debug] [2025-01-24T17:08:52.043Z] > refreshing access token with scopes: []
[debug] [2025-01-24T17:08:52.045Z] >>> [apiv2][query] POST https://www.googleapis.com/oauth2/v3/token [none]
[debug] [2025-01-24T17:08:52.045Z] >>> [apiv2][body] POST https://www.googleapis.com/oauth2/v3/token [omitted]
[debug] [2025-01-24T17:08:52.363Z] <<< [apiv2][status] POST https://www.googleapis.com/oauth2/v3/token 400
[debug] [2025-01-24T17:08:52.363Z] <<< [apiv2][body] POST https://www.googleapis.com/oauth2/v3/token [omitted]
[debug] [2025-01-24T17:08:52.364Z] >>> [apiv2][query] GET https://firebase.googleapis.com/v1beta1/projects pageSize=100
[debug] [2025-01-24T17:08:52.642Z] <<< [apiv2][status] GET https://firebase.googleapis.com/v1beta1/projects 401
[debug] [2025-01-24T17:08:52.643Z] <<< [apiv2][body] GET https://firebase.googleapis.com/v1beta1/projects [omitted]
[debug] [2025-01-24T17:08:52.644Z] HTTP Error: 401, Request had invalid authentication credentials. Expected OAuth 2 access token, login cookie or other valid authentication credential. See https://developers.google.com/identity/sign-in/web/devconsole-project.
[debug] [2025-01-24T17:08:52.876Z] FirebaseError: HTTP Error: 401, Request had invalid authentication credentials. Expected OAuth 2 access token, login cookie or other valid authentication credential. See https://developers.google.com/identity/sign-in/web/devconsole-project.
    at responseToError (/Users/mikadifo/.nvm/versions/node/v18.15.0/lib/node_modules/firebase-tools/lib/responseToError.js:49:12)
    at RetryOperation._fn (/Users/mikadifo/.nvm/versions/node/v18.15.0/lib/node_modules/firebase-tools/lib/apiv2.js:288:77)
    at process.processTicksAndRejections (node:internal/process/task_queues:95:5)
[error] 
[error] Error: Failed to list Firebase projects. See firebase-debug.log for more info.
